<?xml version="1.0" encoding="UTF-8"?>
<!-- Generated by org.testng.reporters.JUnitReportReporter -->
<testsuite skipped="0" hostname="ip-172-31-80-97" name="test.Testcase2" tests="1" failures="0" timestamp="2021-10-27T16:38:58 UTC" time="0.008" errors="0">
  <testcase name="creditcardTest" time="0.008" classname="test.Testcase2"/>
  <system-out/>
</testsuite> <!-- test.Testcase2 -->
