<?xml version="1.0" encoding="UTF-8"?>
<!-- Generated by org.testng.reporters.JUnitReportReporter -->
<testsuite skipped="0" hostname="ip-172-31-80-97" name="test.Testcase1" tests="3" failures="0" timestamp="2021-10-27T16:45:54 UTC" time="0.009" errors="0">
  <testcase name="CarloanTest" time="0.006" classname="test.Testcase1"/>
  <system-out/>
  <testcase name="HomeloanTest" time="0.002" classname="test.Testcase1"/>
  <system-out/>
  <testcase name="HomeloanTest1" time="0.001" classname="test.Testcase1"/>
  <system-out/>
</testsuite> <!-- test.Testcase1 -->
