<?xml version="1.0" encoding="UTF-8"?>
<!-- Generated by org.testng.reporters.JUnitReportReporter -->
<testsuite skipped="0" hostname="ip-172-31-80-97" name="test.LoginTest" tests="2" failures="0" timestamp="2021-11-08T03:48:03 UTC" time="10.857" errors="0">
  <testcase name="PositiveLogin" time="4.410" classname="test.LoginTest"/>
  <system-out/>
  <testcase name="NegativeLogin" time="6.447" classname="test.LoginTest"/>
  <system-out/>
</testsuite> <!-- test.LoginTest -->
